<?xml version="1.0" encoding="UTF-8"?>
<testsuite xmlns:xsi="http://www.w3.org/2001/XMLSchema-instance" xsi:noNamespaceSchemaLocation="https://maven.apache.org/surefire/maven-surefire-plugin/xsd/surefire-test-report.xsd" name="com.totallyquiche.stringcalculator.StringCalculatorTest" time="0.019" tests="3" errors="1" skipped="0" failures="0">
  <properties>
    <property name="java.specification.version" value="22"/>
    <property name="sun.jnu.encoding" value="UTF-8"/>
    <property name="java.class.path" value="/Users/brian.dady/dev/tdd-katas/string-calculator/java/stringcalculator/target/test-classes:/Users/brian.dady/dev/tdd-katas/string-calculator/java/stringcalculator/target/classes:/Users/brian.dady/.m2/repository/junit/junit/4.11/junit-4.11.jar:/Users/brian.dady/.m2/repository/org/hamcrest/hamcrest-core/1.3/hamcrest-core-1.3.jar:"/>
    <property name="java.vm.vendor" value="Oracle Corporation"/>
    <property name="sun.arch.data.model" value="64"/>
    <property name="java.vendor.url" value="https://java.oracle.com/"/>
    <property name="os.name" value="Mac OS X"/>
    <property name="java.vm.specification.version" value="22"/>
    <property name="user.country" value="US"/>
    <property name="sun.java.launcher" value="SUN_STANDARD"/>
    <property name="sun.boot.library.path" value="/Users/brian.dady/Library/Java/JavaVirtualMachines/openjdk-22.0.1/Contents/Home/lib"/>
    <property name="sun.java.command" value="/Users/brian.dady/dev/tdd-katas/string-calculator/java/stringcalculator/target/surefire/surefirebooter6009233519624411351.jar /Users/brian.dady/dev/tdd-katas/string-calculator/java/stringcalculator/target/surefire 2024-06-10T13-25-21_368-jvmRun1 surefire13032571026106928220tmp surefire_016087971352791482325tmp"/>
    <property name="http.nonProxyHosts" value="local|*.local|169.254/16|*.169.254/16"/>
    <property name="jdk.debug" value="release"/>
    <property name="test" value="com.totallyquiche.stringcalculator.StringCalculatorTest"/>
    <property name="surefire.test.class.path" value="/Users/brian.dady/dev/tdd-katas/string-calculator/java/stringcalculator/target/test-classes:/Users/brian.dady/dev/tdd-katas/string-calculator/java/stringcalculator/target/classes:/Users/brian.dady/.m2/repository/junit/junit/4.11/junit-4.11.jar:/Users/brian.dady/.m2/repository/org/hamcrest/hamcrest-core/1.3/hamcrest-core-1.3.jar:"/>
    <property name="sun.cpu.endian" value="little"/>
    <property name="user.home" value="/Users/brian.dady"/>
    <property name="user.language" value="en"/>
    <property name="java.specification.vendor" value="Oracle Corporation"/>
    <property name="java.version.date" value="2024-04-16"/>
    <property name="java.home" value="/Users/brian.dady/Library/Java/JavaVirtualMachines/openjdk-22.0.1/Contents/Home"/>
    <property name="file.separator" value="/"/>
    <property name="basedir" value="/Users/brian.dady/dev/tdd-katas/string-calculator/java/stringcalculator"/>
    <property name="java.vm.compressedOopsMode" value="Zero based"/>
    <property name="line.separator" value="&#10;"/>
    <property name="java.vm.specification.vendor" value="Oracle Corporation"/>
    <property name="java.specification.name" value="Java Platform API Specification"/>
    <property name="apple.awt.application.name" value="ForkedBooter"/>
    <property name="surefire.real.class.path" value="/Users/brian.dady/dev/tdd-katas/string-calculator/java/stringcalculator/target/surefire/surefirebooter6009233519624411351.jar"/>
    <property name="sun.management.compiler" value="HotSpot 64-Bit Tiered Compilers"/>
    <property name="ftp.nonProxyHosts" value="local|*.local|169.254/16|*.169.254/16"/>
    <property name="java.runtime.version" value="22.0.1+8-16"/>
    <property name="user.name" value="brian.dady"/>
    <property name="stdout.encoding" value="UTF-8"/>
    <property name="path.separator" value=":"/>
    <property name="os.version" value="14.5"/>
    <property name="java.runtime.name" value="OpenJDK Runtime Environment"/>
    <property name="file.encoding" value="UTF-8"/>
    <property name="java.vm.name" value="OpenJDK 64-Bit Server VM"/>
    <property name="maven.ext.class.path" value="/Users/brian.dady/.vscode/extensions/oracle.oracle-java-22.0.1/nbcode/java/maven-nblib/netbeans-eventspy.jar"/>
    <property name="localRepository" value="/Users/brian.dady/.m2/repository"/>
    <property name="java.vendor.url.bug" value="https://bugreport.java.com/bugreport/"/>
    <property name="java.io.tmpdir" value="/var/folders/vm/z0qf4rh533n8_kr5gm30lgfh0000gn/T/"/>
    <property name="java.version" value="22.0.1"/>
    <property name="user.dir" value="/Users/brian.dady/dev/tdd-katas/string-calculator/java/stringcalculator"/>
    <property name="os.arch" value="aarch64"/>
    <property name="java.vm.specification.name" value="Java Virtual Machine Specification"/>
    <property name="native.encoding" value="UTF-8"/>
    <property name="java.library.path" value="/Users/brian.dady/Library/Java/Extensions:/Library/Java/Extensions:/Network/Library/Java/Extensions:/System/Library/Java/Extensions:/usr/lib/java:."/>
    <property name="java.vm.info" value="mixed mode, sharing"/>
    <property name="stderr.encoding" value="UTF-8"/>
    <property name="java.vendor" value="Oracle Corporation"/>
    <property name="java.vm.version" value="22.0.1+8-16"/>
    <property name="sun.io.unicode.encoding" value="UnicodeBig"/>
    <property name="socksNonProxyHosts" value="local|*.local|169.254/16|*.169.254/16"/>
    <property name="java.class.version" value="66.0"/>
  </properties>
  <testcase name="shouldReturnSumOfTwoNumbers" classname="com.totallyquiche.stringcalculator.StringCalculatorTest" time="0.002"/>
  <testcase name="shouldReturnNumberWhenGivenSingleNumber" classname="com.totallyquiche.stringcalculator.StringCalculatorTest" time="0"/>
  <testcase name="shouldReturn0WhenGivenEmptyString" classname="com.totallyquiche.stringcalculator.StringCalculatorTest" time="0.004">
    <error message="For input string: &quot;&quot;" type="java.lang.NumberFormatException">java.lang.NumberFormatException: For input string: ""
	at com.totallyquiche.stringcalculator.StringCalculatorTest.shouldReturn0WhenGivenEmptyString(StringCalculatorTest.java:13)
</error>
  </testcase>
</testsuite>